[2020-06-15 12:50:33] local.ERROR: Undefined offset: 1 {"userId":1,"exception":"[object] (ErrorException(code: 0): Undefined offset: 1 at /home/anarzone/Desktop/NetGroup/AmburanReservation/app/Http/Controllers/TableController.php:169)
[stacktrace]
#0 /home/anarzone/Desktop/NetGroup/AmburanReservation/app/Http/Controllers/TableController.php(169): Illuminate\\Foundation\\Bootstrap\\HandleExceptions->handleError()
#1 /home/anarzone/Desktop/NetGroup/AmburanReservation/app/Http/Controllers/TableController.php(128): App\\Http\\Controllers\\TableController->get_reservation_statuses_by_hall_id()
#2 [internal function]: App\\Http\\Controllers\\TableController->get_plan_tables_by_hall_id()
#3 /home/anarzone/Desktop/NetGroup/AmburanReservation/vendor/laravel/framework/src/Illuminate/Routing/Controller.php(54): call_user_func_array()
#4 /home/anarzone/Desktop/NetGroup/AmburanReservation/vendor/laravel/framework/src/Illuminate/Routing/ControllerDispatcher.php(45): Illuminate\\Routing\\Controller->callAction()
#5 /home/anarzone/Desktop/NetGroup/AmburanReservation/vendor/laravel/framework/src/Illuminate/Routing/Route.php(219): Illuminate\\Routing\\ControllerDispatcher->dispatch()
#6 /home/anarzone/Desktop/NetGroup/AmburanReservation/vendor/laravel/framework/src/Illuminate/Routing/Route.php(176): Illuminate\\Routing\\Route->runController()
#7 /home/anarzone/Desktop/NetGroup/AmburanReservation/vendor/laravel/framework/src/Illuminate/Routing/Router.php(681): Illuminate\\Routing\\Route->run()
#8 /home/anarzone/Desktop/NetGroup/AmburanReservation/vendor/laravel/framework/src/Illuminate/Pipeline/Pipeline.php(130): Illuminate\\Routing\\Router->Illuminate\\Routing\\{closure}()
#9 /home/anarzone/Desktop/NetGroup/AmburanReservation/vendor/laravel/framework/src/Illuminate/Routing/Middleware/SubstituteBindings.php(41): Illuminate\\Pipeline\\Pipeline->Illuminate\\Pipeline\\{closure}()
#10 /home/anarzone/Desktop/NetGroup/AmburanReservation/vendor/laravel/framework/src/Illuminate/Pipeline/Pipeline.php(171): Illuminate\\Routing\\Middleware\\SubstituteBindings->handle()
#11 /home/anarzone/Desktop/NetGroup/AmburanReservation/vendor/laravel/framework/src/Illuminate/Auth/Middleware/Authenticate.php(43): Illuminate\\Pipeline\\Pipeline->Illuminate\\Pipeline\\{closure}()
#12 /home/anarzone/Desktop/NetGroup/AmburanReservation/vendor/laravel/framework/src/Illuminate/Pipeline/Pipeline.php(171): Illuminate\\Auth\\Middleware\\Authenticate->handle()
#13 /home/anarzone/Desktop/NetGroup/AmburanReservation/vendor/laravel/framework/src/Illuminate/Foundation/Http/Middleware/VerifyCsrfToken.php(76): Illuminate\\Pipeline\\Pipeline->Illuminate\\Pipeline\\{closure}()
#14 /home/anarzone/Desktop/NetGroup/AmburanReservation/vendor/laravel/framework/src/Illuminate/Pipeline/Pipeline.php(171): Illuminate\\Foundation\\Http\\Middleware\\VerifyCsrfToken->handle()
#15 /home/anarzone/Desktop/NetGroup/AmburanReservation/vendor/laravel/framework/src/Illuminate/View/Middleware/ShareErrorsFromSession.php(49): Illuminate\\Pipeline\\Pipeline->Illuminate\\Pipeline\\{closure}()
#16 /home/anarzone/Desktop/NetGroup/AmburanReservation/vendor/laravel/framework/src/Illuminate/Pipeline/Pipeline.php(171): Illuminate\\View\\Middleware\\ShareErrorsFromSession->handle()
#17 /home/anarzone/Desktop/NetGroup/AmburanReservation/vendor/laravel/framework/src/Illuminate/Session/Middleware/StartSession.php(56): Illuminate\\Pipeline\\Pipeline->Illuminate\\Pipeline\\{closure}()
#18 /home/anarzone/Desktop/NetGroup/AmburanReservation/vendor/laravel/framework/src/Illuminate/Pipeline/Pipeline.php(171): Illuminate\\Session\\Middleware\\StartSession->handle()
#19 /home/anarzone/Desktop/NetGroup/AmburanReservation/vendor/laravel/framework/src/Illuminate/Cookie/Middleware/AddQueuedCookiesToResponse.php(37): Illuminate\\Pipeline\\Pipeline->Illuminate\\Pipeline\\{closure}()
#20 /home/anarzone/Desktop/NetGroup/AmburanReservation/vendor/laravel/framework/src/Illuminate/Pipeline/Pipeline.php(171): Illuminate\\Cookie\\Middleware\\AddQueuedCookiesToResponse->handle()
#21 /home/anarzone/Desktop/NetGroup/AmburanReservation/vendor/laravel/framework/src/Illuminate/Cookie/Middleware/EncryptCookies.php(66): Illuminate\\Pipeline\\Pipeline->Illuminate\\Pipeline\\{closure}()
#22 /home/anarzone/Desktop/NetGroup/AmburanReservation/vendor/laravel/framework/src/Illuminate/Pipeline/Pipeline.php(171): Illuminate\\Cookie\\Middleware\\EncryptCookies->handle()
#23 /home/anarzone/Desktop/NetGroup/AmburanReservation/vendor/laravel/framework/src/Illuminate/Pipeline/Pipeline.php(105): Illuminate\\Pipeline\\Pipeline->Illuminate\\Pipeline\\{closure}()
#24 /home/anarzone/Desktop/NetGroup/AmburanReservation/vendor/laravel/framework/src/Illuminate/Routing/Router.php(683): Illuminate\\Pipeline\\Pipeline->then()
#25 /home/anarzone/Desktop/NetGroup/AmburanReservation/vendor/laravel/framework/src/Illuminate/Routing/Router.php(658): Illuminate\\Routing\\Router->runRouteWithinStack()
#26 /home/anarzone/Desktop/NetGroup/AmburanReservation/vendor/laravel/framework/src/Illuminate/Routing/Router.php(624): Illuminate\\Routing\\Router->runRoute()
#27 /home/anarzone/Desktop/NetGroup/AmburanReservation/vendor/laravel/framework/src/Illuminate/Routing/Router.php(613): Illuminate\\Routing\\Router->dispatchToRoute()
#28 /home/anarzone/Desktop/NetGroup/AmburanReservation/vendor/laravel/framework/src/Illuminate/Foundation/Http/Kernel.php(170): Illuminate\\Routing\\Router->dispatch()
#29 /home/anarzone/Desktop/NetGroup/AmburanReservation/vendor/laravel/framework/src/Illuminate/Pipeline/Pipeline.php(130): Illuminate\\Foundation\\Http\\Kernel->Illuminate\\Foundation\\Http\\{closure}()
#30 /home/anarzone/Desktop/NetGroup/AmburanReservation/vendor/barryvdh/laravel-debugbar/src/Middleware/InjectDebugbar.php(65): Illuminate\\Pipeline\\Pipeline->Illuminate\\Pipeline\\{closure}()
#31 /home/anarzone/Desktop/NetGroup/AmburanReservation/vendor/laravel/framework/src/Illuminate/Pipeline/Pipeline.php(171): Barryvdh\\Debugbar\\Middleware\\InjectDebugbar->handle()
#32 /home/anarzone/Desktop/NetGroup/AmburanReservation/vendor/laravel/framework/src/Illuminate/Foundation/Http/Middleware/TransformsRequest.php(21): Illuminate\\Pipeline\\Pipeline->Illuminate\\Pipeline\\{closure}()
#33 /home/anarzone/Desktop/NetGroup/AmburanReservation/vendor/laravel/framework/src/Illuminate/Pipeline/Pipeline.php(171): Illuminate\\Foundation\\Http\\Middleware\\TransformsRequest->handle()
#34 /home/anarzone/Desktop/NetGroup/AmburanReservation/vendor/laravel/framework/src/Illuminate/Foundation/Http/Middleware/TransformsRequest.php(21): Illuminate\\Pipeline\\Pipeline->Illuminate\\Pipeline\\{closure}()
#35 /home/anarzone/Desktop/NetGroup/AmburanReservation/vendor/laravel/framework/src/Illuminate/Pipeline/Pipeline.php(171): Illuminate\\Foundation\\Http\\Middleware\\TransformsRequest->handle()
#36 /home/anarzone/Desktop/NetGroup/AmburanReservation/vendor/laravel/framework/src/Illuminate/Foundation/Http/Middleware/ValidatePostSize.php(27): Illuminate\\Pipeline\\Pipeline->Illuminate\\Pipeline\\{closure}()
#37 /home/anarzone/Desktop/NetGroup/AmburanReservation/vendor/laravel/framework/src/Illuminate/Pipeline/Pipeline.php(171): Illuminate\\Foundation\\Http\\Middleware\\ValidatePostSize->handle()
#38 /home/anarzone/Desktop/NetGroup/AmburanReservation/vendor/laravel/framework/src/Illuminate/Foundation/Http/Middleware/CheckForMaintenanceMode.php(63): Illuminate\\Pipeline\\Pipeline->Illuminate\\Pipeline\\{closure}()
#39 /home/anarzone/Desktop/NetGroup/AmburanReservation/vendor/laravel/framework/src/Illuminate/Pipeline/Pipeline.php(171): Illuminate\\Foundation\\Http\\Middleware\\CheckForMaintenanceMode->handle()
#40 /home/anarzone/Desktop/NetGroup/AmburanReservation/vendor/fideloper/proxy/src/TrustProxies.php(57): Illuminate\\Pipeline\\Pipeline->Illuminate\\Pipeline\\{closure}()
#41 /home/anarzone/Desktop/NetGroup/AmburanReservation/vendor/laravel/framework/src/Illuminate/Pipeline/Pipeline.php(171): Fideloper\\Proxy\\TrustProxies->handle()
#42 /home/anarzone/Desktop/NetGroup/AmburanReservation/vendor/laravel/framework/src/Illuminate/Pipeline/Pipeline.php(105): Illuminate\\Pipeline\\Pipeline->Illuminate\\Pipeline\\{closure}()
#43 /home/anarzone/Desktop/NetGroup/AmburanReservation/vendor/laravel/framework/src/Illuminate/Foundation/Http/Kernel.php(145): Illuminate\\Pipeline\\Pipeline->then()
#44 /home/anarzone/Desktop/NetGroup/AmburanReservation/vendor/laravel/framework/src/Illuminate/Foundation/Http/Kernel.php(110): Illuminate\\Foundation\\Http\\Kernel->sendRequestThroughRouter()
#45 /home/anarzone/Desktop/NetGroup/AmburanReservation/public/index.php(55): Illuminate\\Foundation\\Http\\Kernel->handle()
#46 /home/anarzone/Desktop/NetGroup/AmburanReservation/server.php(21): require_once('/home/anarzone/...')
#47 {main}
"} 
[2020-06-15 12:51:44] local.ERROR: Undefined offset: 1 {"userId":1,"exception":"[object] (ErrorException(code: 0): Undefined offset: 1 at /home/anarzone/Desktop/NetGroup/AmburanReservation/app/Http/Controllers/TableController.php:169)
[stacktrace]
#0 /home/anarzone/Desktop/NetGroup/AmburanReservation/app/Http/Controllers/TableController.php(169): Illuminate\\Foundation\\Bootstrap\\HandleExceptions->handleError()
#1 /home/anarzone/Desktop/NetGroup/AmburanReservation/app/Http/Controllers/TableController.php(128): App\\Http\\Controllers\\TableController->get_reservation_statuses_by_hall_id()
#2 [internal function]: App\\Http\\Controllers\\TableController->get_plan_tables_by_hall_id()
#3 /home/anarzone/Desktop/NetGroup/AmburanReservation/vendor/laravel/framework/src/Illuminate/Routing/Controller.php(54): call_user_func_array()
#4 /home/anarzone/Desktop/NetGroup/AmburanReservation/vendor/laravel/framework/src/Illuminate/Routing/ControllerDispatcher.php(45): Illuminate\\Routing\\Controller->callAction()
#5 /home/anarzone/Desktop/NetGroup/AmburanReservation/vendor/laravel/framework/src/Illuminate/Routing/Route.php(219): Illuminate\\Routing\\ControllerDispatcher->dispatch()
#6 /home/anarzone/Desktop/NetGroup/AmburanReservation/vendor/laravel/framework/src/Illuminate/Routing/Route.php(176): Illuminate\\Routing\\Route->runController()
#7 /home/anarzone/Desktop/NetGroup/AmburanReservation/vendor/laravel/framework/src/Illuminate/Routing/Router.php(681): Illuminate\\Routing\\Route->run()
#8 /home/anarzone/Desktop/NetGroup/AmburanReservation/vendor/laravel/framework/src/Illuminate/Pipeline/Pipeline.php(130): Illuminate\\Routing\\Router->Illuminate\\Routing\\{closure}()
#9 /home/anarzone/Desktop/NetGroup/AmburanReservation/vendor/laravel/framework/src/Illuminate/Routing/Middleware/SubstituteBindings.php(41): Illuminate\\Pipeline\\Pipeline->Illuminate\\Pipeline\\{closure}()
#10 /home/anarzone/Desktop/NetGroup/AmburanReservation/vendor/laravel/framework/src/Illuminate/Pipeline/Pipeline.php(171): Illuminate\\Routing\\Middleware\\SubstituteBindings->handle()
#11 /home/anarzone/Desktop/NetGroup/AmburanReservation/vendor/laravel/framework/src/Illuminate/Auth/Middleware/Authenticate.php(43): Illuminate\\Pipeline\\Pipeline->Illuminate\\Pipeline\\{closure}()
#12 /home/anarzone/Desktop/NetGroup/AmburanReservation/vendor/laravel/framework/src/Illuminate/Pipeline/Pipeline.php(171): Illuminate\\Auth\\Middleware\\Authenticate->handle()
#13 /home/anarzone/Desktop/NetGroup/AmburanReservation/vendor/laravel/framework/src/Illuminate/Foundation/Http/Middleware/VerifyCsrfToken.php(76): Illuminate\\Pipeline\\Pipeline->Illuminate\\Pipeline\\{closure}()
#14 /home/anarzone/Desktop/NetGroup/AmburanReservation/vendor/laravel/framework/src/Illuminate/Pipeline/Pipeline.php(171): Illuminate\\Foundation\\Http\\Middleware\\VerifyCsrfToken->handle()
#15 /home/anarzone/Desktop/NetGroup/AmburanReservation/vendor/laravel/framework/src/Illuminate/View/Middleware/ShareErrorsFromSession.php(49): Illuminate\\Pipeline\\Pipeline->Illuminate\\Pipeline\\{closure}()
#16 /home/anarzone/Desktop/NetGroup/AmburanReservation/vendor/laravel/framework/src/Illuminate/Pipeline/Pipeline.php(171): Illuminate\\View\\Middleware\\ShareErrorsFromSession->handle()
#17 /home/anarzone/Desktop/NetGroup/AmburanReservation/vendor/laravel/framework/src/Illuminate/Session/Middleware/StartSession.php(56): Illuminate\\Pipeline\\Pipeline->Illuminate\\Pipeline\\{closure}()
#18 /home/anarzone/Desktop/NetGroup/AmburanReservation/vendor/laravel/framework/src/Illuminate/Pipeline/Pipeline.php(171): Illuminate\\Session\\Middleware\\StartSession->handle()
#19 /home/anarzone/Desktop/NetGroup/AmburanReservation/vendor/laravel/framework/src/Illuminate/Cookie/Middleware/AddQueuedCookiesToResponse.php(37): Illuminate\\Pipeline\\Pipeline->Illuminate\\Pipeline\\{closure}()
#20 /home/anarzone/Desktop/NetGroup/AmburanReservation/vendor/laravel/framework/src/Illuminate/Pipeline/Pipeline.php(171): Illuminate\\Cookie\\Middleware\\AddQueuedCookiesToResponse->handle()
#21 /home/anarzone/Desktop/NetGroup/AmburanReservation/vendor/laravel/framework/src/Illuminate/Cookie/Middleware/EncryptCookies.php(66): Illuminate\\Pipeline\\Pipeline->Illuminate\\Pipeline\\{closure}()
#22 /home/anarzone/Desktop/NetGroup/AmburanReservation/vendor/laravel/framework/src/Illuminate/Pipeline/Pipeline.php(171): Illuminate\\Cookie\\Middleware\\EncryptCookies->handle()
#23 /home/anarzone/Desktop/NetGroup/AmburanReservation/vendor/laravel/framework/src/Illuminate/Pipeline/Pipeline.php(105): Illuminate\\Pipeline\\Pipeline->Illuminate\\Pipeline\\{closure}()
#24 /home/anarzone/Desktop/NetGroup/AmburanReservation/vendor/laravel/framework/src/Illuminate/Routing/Router.php(683): Illuminate\\Pipeline\\Pipeline->then()
#25 /home/anarzone/Desktop/NetGroup/AmburanReservation/vendor/laravel/framework/src/Illuminate/Routing/Router.php(658): Illuminate\\Routing\\Router->runRouteWithinStack()
#26 /home/anarzone/Desktop/NetGroup/AmburanReservation/vendor/laravel/framework/src/Illuminate/Routing/Router.php(624): Illuminate\\Routing\\Router->runRoute()
#27 /home/anarzone/Desktop/NetGroup/AmburanReservation/vendor/laravel/framework/src/Illuminate/Routing/Router.php(613): Illuminate\\Routing\\Router->dispatchToRoute()
#28 /home/anarzone/Desktop/NetGroup/AmburanReservation/vendor/laravel/framework/src/Illuminate/Foundation/Http/Kernel.php(170): Illuminate\\Routing\\Router->dispatch()
#29 /home/anarzone/Desktop/NetGroup/AmburanReservation/vendor/laravel/framework/src/Illuminate/Pipeline/Pipeline.php(130): Illuminate\\Foundation\\Http\\Kernel->Illuminate\\Foundation\\Http\\{closure}()
#30 /home/anarzone/Desktop/NetGroup/AmburanReservation/vendor/barryvdh/laravel-debugbar/src/Middleware/InjectDebugbar.php(65): Illuminate\\Pipeline\\Pipeline->Illuminate\\Pipeline\\{closure}()
#31 /home/anarzone/Desktop/NetGroup/AmburanReservation/vendor/laravel/framework/src/Illuminate/Pipeline/Pipeline.php(171): Barryvdh\\Debugbar\\Middleware\\InjectDebugbar->handle()
#32 /home/anarzone/Desktop/NetGroup/AmburanReservation/vendor/laravel/framework/src/Illuminate/Foundation/Http/Middleware/TransformsRequest.php(21): Illuminate\\Pipeline\\Pipeline->Illuminate\\Pipeline\\{closure}()
#33 /home/anarzone/Desktop/NetGroup/AmburanReservation/vendor/laravel/framework/src/Illuminate/Pipeline/Pipeline.php(171): Illuminate\\Foundation\\Http\\Middleware\\TransformsRequest->handle()
#34 /home/anarzone/Desktop/NetGroup/AmburanReservation/vendor/laravel/framework/src/Illuminate/Foundation/Http/Middleware/TransformsRequest.php(21): Illuminate\\Pipeline\\Pipeline->Illuminate\\Pipeline\\{closure}()
#35 /home/anarzone/Desktop/NetGroup/AmburanReservation/vendor/laravel/framework/src/Illuminate/Pipeline/Pipeline.php(171): Illuminate\\Foundation\\Http\\Middleware\\TransformsRequest->handle()
#36 /home/anarzone/Desktop/NetGroup/AmburanReservation/vendor/laravel/framework/src/Illuminate/Foundation/Http/Middleware/ValidatePostSize.php(27): Illuminate\\Pipeline\\Pipeline->Illuminate\\Pipeline\\{closure}()
#37 /home/anarzone/Desktop/NetGroup/AmburanReservation/vendor/laravel/framework/src/Illuminate/Pipeline/Pipeline.php(171): Illuminate\\Foundation\\Http\\Middleware\\ValidatePostSize->handle()
#38 /home/anarzone/Desktop/NetGroup/AmburanReservation/vendor/laravel/framework/src/Illuminate/Foundation/Http/Middleware/CheckForMaintenanceMode.php(63): Illuminate\\Pipeline\\Pipeline->Illuminate\\Pipeline\\{closure}()
#39 /home/anarzone/Desktop/NetGroup/AmburanReservation/vendor/laravel/framework/src/Illuminate/Pipeline/Pipeline.php(171): Illuminate\\Foundation\\Http\\Middleware\\CheckForMaintenanceMode->handle()
#40 /home/anarzone/Desktop/NetGroup/AmburanReservation/vendor/fideloper/proxy/src/TrustProxies.php(57): Illuminate\\Pipeline\\Pipeline->Illuminate\\Pipeline\\{closure}()
#41 /home/anarzone/Desktop/NetGroup/AmburanReservation/vendor/laravel/framework/src/Illuminate/Pipeline/Pipeline.php(171): Fideloper\\Proxy\\TrustProxies->handle()
#42 /home/anarzone/Desktop/NetGroup/AmburanReservation/vendor/laravel/framework/src/Illuminate/Pipeline/Pipeline.php(105): Illuminate\\Pipeline\\Pipeline->Illuminate\\Pipeline\\{closure}()
#43 /home/anarzone/Desktop/NetGroup/AmburanReservation/vendor/laravel/framework/src/Illuminate/Foundation/Http/Kernel.php(145): Illuminate\\Pipeline\\Pipeline->then()
#44 /home/anarzone/Desktop/NetGroup/AmburanReservation/vendor/laravel/framework/src/Illuminate/Foundation/Http/Kernel.php(110): Illuminate\\Foundation\\Http\\Kernel->sendRequestThroughRouter()
#45 /home/anarzone/Desktop/NetGroup/AmburanReservation/public/index.php(55): Illuminate\\Foundation\\Http\\Kernel->handle()
#46 /home/anarzone/Desktop/NetGroup/AmburanReservation/server.php(21): require_once('/home/anarzone/...')
#47 {main}
"} 
